{"D:\\StudySoft\\VSCode\\VSCodeFile\\CODE_前端学习\\CODE_Dumi\\dumi2-demo\\src\\Button\\index.tsx": {"path":"D:\\StudySoft\\VSCode\\VSCodeFile\\CODE_前端学习\\CODE_Dumi\\dumi2-demo\\src\\Button\\index.tsx","statementMap":{"0":{"start":{"line":1,"column":0},"end":{"line":1,"column":36}},"1":{"start":{"line":2,"column":0},"end":{"line":2,"column":29}},"2":{"start":{"line":9,"column":38},"end":{"line":20,"column":1}},"3":{"start":{"line":10,"column":50},"end":{"line":10,"column":55}},"4":{"start":{"line":11,"column":2},"end":{"line":19,"column":4}},"5":{"start":{"line":21,"column":0},"end":{"line":21,"column":28}}},"fnMap":{"0":{"name":"(anonymous_6)","decl":{"start":{"line":9,"column":38},"end":{"line":9,"column":39}},"loc":{"start":{"line":9,"column":48},"end":{"line":20,"column":1}}}},"branchMap":{"0":{"loc":{"start":{"line":10,"column":10},"end":{"line":10,"column":26}},"type":"default-arg","locations":[{"start":{"line":10,"column":17},"end":{"line":10,"column":26}}]},"1":{"loc":{"start":{"line":14,"column":29},"end":{"line":14,"column":59}},"type":"cond-expr","locations":[{"start":{"line":14,"column":36},"end":{"line":14,"column":54}},{"start":{"line":14,"column":57},"end":{"line":14,"column":59}}]}},"s":{"0":1,"1":1,"2":1,"3":4,"4":4,"5":1},"f":{"0":4},"b":{"0":[2],"1":[4,0]}}
,"D:\\StudySoft\\VSCode\\VSCodeFile\\CODE_前端学习\\CODE_Dumi\\dumi2-demo\\src\\Foo\\index.tsx": {"path":"D:\\StudySoft\\VSCode\\VSCodeFile\\CODE_前端学习\\CODE_Dumi\\dumi2-demo\\src\\Foo\\index.tsx","statementMap":{"0":{"start":{"line":1,"column":0},"end":{"line":1,"column":39}},"1":{"start":{"line":3,"column":35},"end":{"line":3,"column":68}},"2":{"start":{"line":3,"column":46},"end":{"line":3,"column":68}},"3":{"start":{"line":5,"column":0},"end":{"line":5,"column":19}}},"fnMap":{"0":{"name":"(anonymous_1)","decl":{"start":{"line":3,"column":35},"end":{"line":3,"column":36}},"loc":{"start":{"line":3,"column":46},"end":{"line":3,"column":68}}}},"branchMap":{},"s":{"0":0,"1":0,"2":0,"3":0},"f":{"0":0},"b":{}}
}
